<?xml version="1.0" encoding="UTF-8"?>
<testsuite xmlns:xsi="http://www.w3.org/2001/XMLSchema-instance" xsi:noNamespaceSchemaLocation="https://maven.apache.org/surefire/maven-surefire-plugin/xsd/surefire-test-report.xsd" name="TestSuite" time="125.22" tests="14" errors="0" skipped="1" failures="2">
  <properties>
[...]
</properties>
  <testcase name="verifyContactsPageLabel" classname="com.crm.qa.testcases.ContactsPageTest" time="0.126"/>
  <testcase name="selectContactsName" classname="com.crm.qa.testcases.ContactsPageTest" time="0.219"/>
  <testcase name="selectmultipleContactsName" classname="com.crm.qa.testcases.ContactsPageTest" time="0.431"/>
  <testcase name="validateCreateNewContact" classname="com.crm.qa.testcases.ContactsPageTest" time="0.305">
    <failure message="Element &lt;a href=&quot;https://classic.freecrm.com/system/index.cfm?action=contact&amp;sub=load&amp;edit=1&quot;&gt; could not be scrolled into view&#10;Build info: version: &apos;3.14.0&apos;, revision: &apos;aacccce0&apos;, time: &apos;2018-08-02T20:19:58.91Z&apos;&#10;System info: host: &apos;MUBASHIR&apos;, ip: &apos;192.168.5.28&apos;, os.name: &apos;Windows 11&apos;, os.arch: &apos;amd64&apos;, os.version: &apos;10.0&apos;, java.version: &apos;17.0.6&apos;&#10;Driver info: org.openqa.selenium.firefox.FirefoxDriver&#10;Capabilities {acceptInsecureCerts: true, browserName: firefox, browserVersion: 111.0.1, javascriptEnabled: true, moz:accessibilityChecks: false, moz:buildID: 20230321111920, moz:geckodriverVersion: 0.32.2, moz:headless: false, moz:platformVersion: 10.0, moz:processID: 17560, moz:profile: C:\Users\mubas\AppData\Loca..., moz:shutdownTimeout: 60000, moz:useNonSpecCompliantPointerOrigin: false, moz:webdriverClick: true, moz:windowless: false, pageLoadStrategy: normal, platform: WINDOWS, platformName: WINDOWS, proxy: Proxy(), setWindowRect: true, strictFileInteractability: false, timeouts: {implicit: 0, pageLoad: 300000, script: 30000}, unhandledPromptBehavior: dismiss and notify}&#10;Session ID: 487c97c1-5db4-44c0-af9c-576c95209e7f" type="org.openqa.selenium.ElementNotInteractableException"><![CDATA[org.openqa.selenium.ElementNotInteractableException: 
Element <a href="https://classic.freecrm.com/system/index.cfm?action=contact&sub=load&edit=1"> could not be scrolled into view
Build info: version: '3.14.0', revision: 'aacccce0', time: '2018-08-02T20:19:58.91Z'
System info: host: 'MUBASHIR', ip: '192.168.5.28', os.name: 'Windows 11', os.arch: 'amd64', os.version: '10.0', java.version: '17.0.6'
Driver info: org.openqa.selenium.firefox.FirefoxDriver
Capabilities {acceptInsecureCerts: true, browserName: firefox, browserVersion: 111.0.1, javascriptEnabled: true, moz:accessibilityChecks: false, moz:buildID: 20230321111920, moz:geckodriverVersion: 0.32.2, moz:headless: false, moz:platformVersion: 10.0, moz:processID: 17560, moz:profile: C:\Users\mubas\AppData\Loca..., moz:shutdownTimeout: 60000, moz:useNonSpecCompliantPointerOrigin: false, moz:webdriverClick: true, moz:windowless: false, pageLoadStrategy: normal, platform: WINDOWS, platformName: WINDOWS, proxy: Proxy(), setWindowRect: true, strictFileInteractability: false, timeouts: {implicit: 0, pageLoad: 300000, script: 30000}, unhandledPromptBehavior: dismiss and notify}
Session ID: 487c97c1-5db4-44c0-af9c-576c95209e7f
	at com.crm.qa.testcases.ContactsPageTest.validateCreateNewContact(ContactsPageTest.java:74)
]]></failure>
    <system-out><![CDATA[Before navigating to: 'https://classic.freecrm.com/'
Navigated to:'https://classic.freecrm.com/'
Trying to find Element By : By.name: username
Found Element By : By.name: username
Trying to find Element By : By.name: password
Found Element By : By.name: password
Trying to find Element By : By.xpath: //input[@type='submit']
Found Element By : By.xpath: //input[@type='submit']
Trying to find Element By : By.xpath: //a[contains(text(),'Contacts')]
Found Element By : By.xpath: //a[contains(text(),'Contacts')]
Trying to click on: [[FirefoxDriver: firefox on WINDOWS (487c97c1-5db4-44c0-af9c-576c95209e7f)] -> xpath: //a[contains(text(),'Contacts')]]
Clicked on: [[FirefoxDriver: firefox on WINDOWS (487c97c1-5db4-44c0-af9c-576c95209e7f)] -> xpath: //a[contains(text(),'Contacts')]]
Trying to find Element By : By.xpath: //a[contains(text(),'Contacts')]
Found Element By : By.xpath: //a[contains(text(),'Contacts')]
Trying to find Element By : By.xpath: //a[contains(text(),'New Contact')]
Found Element By : By.xpath: //a[contains(text(),'New Contact')]
Trying to click on: [[FirefoxDriver: firefox on WINDOWS (487c97c1-5db4-44c0-af9c-576c95209e7f)] -> xpath: //a[contains(text(),'New Contact')]]
Exception occured: org.openqa.selenium.ElementNotInteractableException: Element <a href="https://classic.freecrm.com/system/index.cfm?action=contact&sub=load&edit=1"> could not be scrolled into view
Build info: version: '3.14.0', revision: 'aacccce0', time: '2018-08-02T20:19:58.91Z'
System info: host: 'MUBASHIR', ip: '192.168.5.28', os.name: 'Windows 11', os.arch: 'amd64', os.version: '10.0', java.version: '17.0.6'
Driver info: org.openqa.selenium.firefox.FirefoxDriver
Capabilities {acceptInsecureCerts: true, browserName: firefox, browserVersion: 111.0.1, javascriptEnabled: true, moz:accessibilityChecks: false, moz:buildID: 20230321111920, moz:geckodriverVersion: 0.32.2, moz:headless: false, moz:platformVersion: 10.0, moz:processID: 17560, moz:profile: C:\Users\mubas\AppData\Loca..., moz:shutdownTimeout: 60000, moz:useNonSpecCompliantPointerOrigin: false, moz:webdriverClick: true, moz:windowless: false, pageLoadStrategy: normal, platform: WINDOWS, platformName: WINDOWS, proxy: Proxy(), setWindowRect: true, strictFileInteractability: false, timeouts: {implicit: 0, pageLoad: 300000, script: 30000}, unhandledPromptBehavior: dismiss and notify}
Session ID: 487c97c1-5db4-44c0-af9c-576c95209e7f
]]></system-out>
    <system-err><![CDATA[1681006130875	Marionette	INFO	Stopped listening on port 51909
Dynamically enable window occlusion 1
1681006132623	geckodriver	INFO	Listening on 127.0.0.1:34249
1681006132647	mozrunner::runner	INFO	Running command: "C:\\Program Files\\Mozilla Firefox\\firefox.exe" "--marionette" "-no-remote" "-profile" "C:\\Users\\mubas\\AppData\\Local\\Temp\\rust_mozprofileDSbhQf"
console.warn: services.settings: Ignoring preference override of remote settings server
console.warn: services.settings: Allow by setting MOZ_REMOTE_SETTINGS_DEVTOOLS=1 in the environment
1681006132889	Marionette	INFO	Marionette enabled
Dynamically enable window occlusion 0
1681006132892	Marionette	INFO	Listening on port 52037
Read port: 52037
1681006133088	RemoteAgent	WARN	TLS certificate errors will be ignored for this session
console.warn: SearchSettings: "get: No settings file exists, new profile?" (new NotFoundError("Could not open the file at C:\\Users\\mubas\\AppData\\Local\\Temp\\rust_mozprofileDSbhQf\\search.json.mozlz4", (void 0)))
Apr. 08, 2023 10:08:53 P.M. org.openqa.selenium.remote.ProtocolHandshake createSession
INFO: Detected dialect: W3C
console.warn: LoginRecipes: "Falling back to a synchronous message for: https://classic.freecrm.com."
console.warn: LoginRecipes: "Falling back to a synchronous message for: https://classic.freecrm.com."
console.warn: services.settings: Ignoring preference override of remote settings server
console.warn: services.settings: Allow by setting MOZ_REMOTE_SETTINGS_DEVTOOLS=1 in the environment
console.error: (new TypeError("lazy.AsyncShutdown.profileBeforeChange is undefined", "resource://services-settings/Database.jsm", 603))
console.warn: LoginRecipes: "Falling back to a synchronous message for: https://classic.freecrm.com."
]]></system-err>
  </testcase>
  <testcase name="validateCreateNewContact" classname="com.crm.qa.testcases.ContactsPageTest" time="4.059"/>
  <testcase name="validateCreateNewContact" classname="com.crm.qa.testcases.ContactsPageTest" time="3.816"/>
  <testcase name="setUp" classname="com.crm.qa.testcases.FreeCrmTest" time="4.396">
    <failure message="The driver executable does not exist: C:\Users\naveenkhunteta\Downloads\chromedriver" type="java.lang.IllegalStateException">java.lang.IllegalStateException: The driver executable does not exist: C:\Users\naveenkhunteta\Downloads\chromedriver
	at com.crm.qa.testcases.FreeCrmTest.setUp(FreeCrmTest.java:24)
</failure>
    <system-err><![CDATA[1681006173376	Marionette	INFO	Stopped listening on port 52315
Dynamically enable window occlusion 1
]]></system-err>
  </testcase>
  <testcase name="freeCrmTitleTest" classname="com.crm.qa.testcases.FreeCrmTest" time="0">
    <skipped message="The driver executable does not exist: C:\Users\naveenkhunteta\Downloads\chromedriver"/>
  </testcase>
  <testcase name="verifyHomePageTitleTest" classname="com.crm.qa.testcases.HomePageTest" time="0.003"/>
  <testcase name="verifyUserNameTest" classname="com.crm.qa.testcases.HomePageTest" time="0.739"/>
  <testcase name="verifyContactsLinkTest" classname="com.crm.qa.testcases.HomePageTest" time="2.415"/>
  <testcase name="loginPageTitleTest" classname="com.crm.qa.testcases.LoginPageTest" time="0.007"/>
  <testcase name="crmLogoImageTest" classname="com.crm.qa.testcases.LoginPageTest" time="0.031"/>
  <testcase name="loginTest" classname="com.crm.qa.testcases.LoginPageTest" time="0.114"/>
</testsuite>